<?xml version="1.0" encoding="UTF-8"?>
<coverage generated="1780426184501" clover="3.2.0">
  <project timestamp="1780426184502" name="All files">
    <metrics statements="22" coveredstatements="19" conditionals="32" coveredconditionals="28" methods="1" coveredmethods="1" elements="55" coveredelements="48" complexity="0" loc="22" ncloc="22" packages="1" files="1" classes="1"/>
    <file name="registroproducto.js" path="C:\Users\Estudiantes\Documents\proyectocalderon2025\src\components\test\registroproducto.js">
      <metrics statements="22" coveredstatements="19" conditionals="32" coveredconditionals="28" methods="1" coveredmethods="1"/>
      <line num="2" count="5" type="stmt"/>
      <line num="3" count="5" type="cond" truecount="2" falsecount="0"/>
      <line num="6" count="5" type="cond" truecount="2" falsecount="0"/>
      <line num="12" count="1" type="cond" truecount="1" falsecount="1"/>
      <line num="13" count="0" type="stmt"/>
      <line num="15" count="1" type="stmt"/>
      <line num="18" count="4" type="stmt"/>
      <line num="19" count="4" type="cond" truecount="1" falsecount="1"/>
      <line num="20" count="0" type="stmt"/>
      <line num="23" count="4" type="stmt"/>
      <line num="24" count="4" type="cond" truecount="4" falsecount="0"/>
      <line num="25" count="1" type="stmt"/>
      <line num="28" count="3" type="stmt"/>
      <line num="29" count="3" type="cond" truecount="4" falsecount="0"/>
      <line num="30" count="1" type="stmt"/>
      <line num="33" count="2" type="cond" truecount="4" falsecount="0"/>
      <line num="34" count="1" type="cond" truecount="1" falsecount="1"/>
      <line num="35" count="0" type="stmt"/>
      <line num="37" count="1" type="cond" truecount="1" falsecount="1"/>
      <line num="38" count="1" type="stmt"/>
      <line num="42" count="1" type="stmt"/>
      <line num="45" count="1" type="stmt"/>
    </file>
  </project>
</coverage>
