{"C:\\Users\\Estudiantes\\Documents\\proyectocalderon2025\\src\\components\\test\\registroproducto.js": {"path":"C:\\Users\\Estudiantes\\Documents\\proyectocalderon2025\\src\\components\\test\\registroproducto.js","statementMap":{"0":{"start":{"line":2,"column":70},"end":{"line":2,"column":78}},"1":{"start":{"line":3,"column":22},"end":{"line":3,"column":69}},"2":{"start":{"line":6,"column":2},"end":{"line":16,"column":3}},"3":{"start":{"line":12,"column":4},"end":{"line":14,"column":5}},"4":{"start":{"line":13,"column":6},"end":{"line":13,"column":66}},"5":{"start":{"line":15,"column":4},"end":{"line":15,"column":73}},"6":{"start":{"line":18,"column":22},"end":{"line":18,"column":49}},"7":{"start":{"line":19,"column":2},"end":{"line":21,"column":3}},"8":{"start":{"line":20,"column":4},"end":{"line":20,"column":102}},"9":{"start":{"line":23,"column":20},"end":{"line":23,"column":39}},"10":{"start":{"line":24,"column":2},"end":{"line":26,"column":3}},"11":{"start":{"line":25,"column":4},"end":{"line":25,"column":88}},"12":{"start":{"line":28,"column":19},"end":{"line":28,"column":32}},"13":{"start":{"line":29,"column":2},"end":{"line":31,"column":3}},"14":{"start":{"line":30,"column":4},"end":{"line":30,"column":85}},"15":{"start":{"line":33,"column":2},"end":{"line":40,"column":3}},"16":{"start":{"line":34,"column":4},"end":{"line":36,"column":5}},"17":{"start":{"line":35,"column":6},"end":{"line":35,"column":96}},"18":{"start":{"line":37,"column":4},"end":{"line":39,"column":5}},"19":{"start":{"line":38,"column":6},"end":{"line":38,"column":94}},"20":{"start":{"line":42,"column":2},"end":{"line":42,"column":26}},"21":{"start":{"line":45,"column":0},"end":{"line":45,"column":34}}},"fnMap":{"0":{"name":"registroproducto","decl":{"start":{"line":1,"column":9},"end":{"line":1,"column":25}},"loc":{"start":{"line":1,"column":36},"end":{"line":43,"column":1}},"line":1}},"branchMap":{"0":{"loc":{"start":{"line":3,"column":22},"end":{"line":3,"column":69}},"type":"cond-expr","locations":[{"start":{"line":3,"column":39},"end":{"line":3,"column":45}},{"start":{"line":3,"column":48},"end":{"line":3,"column":69}}],"line":3},"1":{"loc":{"start":{"line":6,"column":2},"end":{"line":16,"column":3}},"type":"if","locations":[{"start":{"line":6,"column":2},"end":{"line":16,"column":3}},{"start":{},"end":{}}],"line":6},"2":{"loc":{"start":{"line":7,"column":4},"end":{"line":10,"column":33}},"type":"binary-expr","locations":[{"start":{"line":7,"column":4},"end":{"line":7,"column":24}},{"start":{"line":7,"column":28},"end":{"line":7,"column":47}},{"start":{"line":8,"column":4},"end":{"line":8,"column":27}},{"start":{"line":8,"column":31},"end":{"line":8,"column":53}},{"start":{"line":9,"column":4},"end":{"line":9,"column":23}},{"start":{"line":9,"column":27},"end":{"line":9,"column":45}},{"start":{"line":10,"column":4},"end":{"line":10,"column":17}},{"start":{"line":10,"column":21},"end":{"line":10,"column":33}}],"line":7},"3":{"loc":{"start":{"line":12,"column":4},"end":{"line":14,"column":5}},"type":"if","locations":[{"start":{"line":12,"column":4},"end":{"line":14,"column":5}},{"start":{},"end":{}}],"line":12},"4":{"loc":{"start":{"line":19,"column":2},"end":{"line":21,"column":3}},"type":"if","locations":[{"start":{"line":19,"column":2},"end":{"line":21,"column":3}},{"start":{},"end":{}}],"line":19},"5":{"loc":{"start":{"line":24,"column":2},"end":{"line":26,"column":3}},"type":"if","locations":[{"start":{"line":24,"column":2},"end":{"line":26,"column":3}},{"start":{},"end":{}}],"line":24},"6":{"loc":{"start":{"line":24,"column":6},"end":{"line":24,"column":47}},"type":"binary-expr","locations":[{"start":{"line":24,"column":6},"end":{"line":24,"column":29}},{"start":{"line":24,"column":33},"end":{"line":24,"column":47}}],"line":24},"7":{"loc":{"start":{"line":29,"column":2},"end":{"line":31,"column":3}},"type":"if","locations":[{"start":{"line":29,"column":2},"end":{"line":31,"column":3}},{"start":{},"end":{}}],"line":29},"8":{"loc":{"start":{"line":29,"column":6},"end":{"line":29,"column":44}},"type":"binary-expr","locations":[{"start":{"line":29,"column":6},"end":{"line":29,"column":28}},{"start":{"line":29,"column":32},"end":{"line":29,"column":44}}],"line":29},"9":{"loc":{"start":{"line":33,"column":2},"end":{"line":40,"column":3}},"type":"if","locations":[{"start":{"line":33,"column":2},"end":{"line":40,"column":3}},{"start":{},"end":{}}],"line":33},"10":{"loc":{"start":{"line":33,"column":6},"end":{"line":33,"column":39}},"type":"binary-expr","locations":[{"start":{"line":33,"column":6},"end":{"line":33,"column":17}},{"start":{"line":33,"column":21},"end":{"line":33,"column":39}}],"line":33},"11":{"loc":{"start":{"line":34,"column":4},"end":{"line":36,"column":5}},"type":"if","locations":[{"start":{"line":34,"column":4},"end":{"line":36,"column":5}},{"start":{},"end":{}}],"line":34},"12":{"loc":{"start":{"line":37,"column":4},"end":{"line":39,"column":5}},"type":"if","locations":[{"start":{"line":37,"column":4},"end":{"line":39,"column":5}},{"start":{},"end":{}}],"line":37}},"s":{"0":5,"1":5,"2":5,"3":1,"4":0,"5":1,"6":4,"7":4,"8":0,"9":4,"10":4,"11":1,"12":3,"13":3,"14":1,"15":2,"16":1,"17":0,"18":1,"19":1,"20":1,"21":1},"f":{"0":5},"b":{"0":[2,3],"1":[1,4],"2":[5,5,4,4,4,4,4,4],"3":[0,1],"4":[0,4],"5":[1,3],"6":[4,4],"7":[1,2],"8":[3,3],"9":[1,1],"10":[2,1],"11":[0,1],"12":[1,0]},"_coverageSchema":"1a1c01bbd47fc00a2c39e90264f33305004495a9","hash":"27dd781c89952b169fff7d8055dd414064167766"}
}
