TN:
SF:src\components\test\registroproducto.js
FN:1,registroproducto
FNF:1
FNH:1
FNDA:5,registroproducto
DA:2,5
DA:3,5
DA:6,5
DA:12,1
DA:13,0
DA:15,1
DA:18,4
DA:19,4
DA:20,0
DA:23,4
DA:24,4
DA:25,1
DA:28,3
DA:29,3
DA:30,1
DA:33,2
DA:34,1
DA:35,0
DA:37,1
DA:38,1
DA:42,1
DA:45,1
LF:22
LH:19
BRDA:3,0,0,2
BRDA:3,0,1,3
BRDA:6,1,0,1
BRDA:6,1,1,4
BRDA:7,2,0,5
BRDA:7,2,1,5
BRDA:7,2,2,4
BRDA:7,2,3,4
BRDA:7,2,4,4
BRDA:7,2,5,4
BRDA:7,2,6,4
BRDA:7,2,7,4
BRDA:12,3,0,0
BRDA:12,3,1,1
BRDA:19,4,0,0
BRDA:19,4,1,4
BRDA:24,5,0,1
BRDA:24,5,1,3
BRDA:24,6,0,4
BRDA:24,6,1,4
BRDA:29,7,0,1
BRDA:29,7,1,2
BRDA:29,8,0,3
BRDA:29,8,1,3
BRDA:33,9,0,1
BRDA:33,9,1,1
BRDA:33,10,0,2
BRDA:33,10,1,1
BRDA:34,11,0,0
BRDA:34,11,1,1
BRDA:37,12,0,1
BRDA:37,12,1,0
BRF:32
BRH:28
end_of_record
